0 info it worked if it ends with ok
1 verbose cli [ 'node', '/usr/local/bin/npm', 'install', 'android-sdk' ]
2 info using npm@1.3.24
3 info using node@v0.10.25
4 verbose cache add [ 'android-sdk', null ]
5 verbose cache add name=undefined spec="android-sdk" args=["android-sdk",null]
6 verbose parsed url { protocol: null,
6 verbose parsed url   slashes: null,
6 verbose parsed url   auth: null,
6 verbose parsed url   host: null,
6 verbose parsed url   port: null,
6 verbose parsed url   hostname: null,
6 verbose parsed url   hash: null,
6 verbose parsed url   search: null,
6 verbose parsed url   query: null,
6 verbose parsed url   pathname: 'android-sdk',
6 verbose parsed url   path: 'android-sdk',
6 verbose parsed url   href: 'android-sdk' }
7 silly lockFile 7b1a0741-android-sdk android-sdk
8 verbose lock android-sdk /Users/markcreasy/.npm/7b1a0741-android-sdk.lock
9 silly lockFile 7b1a0741-android-sdk android-sdk
10 silly lockFile 7b1a0741-android-sdk android-sdk
11 verbose addNamed [ 'android-sdk', '' ]
12 verbose addNamed [ null, '*' ]
13 silly lockFile 212d97d8-android-sdk android-sdk@
14 verbose lock android-sdk@ /Users/markcreasy/.npm/212d97d8-android-sdk.lock
15 silly addNameRange { name: 'android-sdk', range: '*', hasData: false }
16 verbose url raw android-sdk
17 verbose url resolving [ 'https://registry.npmjs.org/', './android-sdk' ]
18 verbose url resolved https://registry.npmjs.org/android-sdk
19 info trying registry request attempt 1 at 13:27:50
20 http GET https://registry.npmjs.org/android-sdk
21 http 404 https://registry.npmjs.org/android-sdk
22 silly registry.get cb [ 404,
22 silly registry.get   { date: 'Wed, 17 Sep 2014 17:27:51 GMT',
22 silly registry.get     server: 'CouchDB/1.5.0 (Erlang OTP/R16B03)',
22 silly registry.get     'content-type': 'application/json',
22 silly registry.get     'cache-control': 'max-age=0',
22 silly registry.get     'content-length': '52',
22 silly registry.get     'accept-ranges': 'bytes',
22 silly registry.get     via: '1.1 varnish',
22 silly registry.get     age: '0',
22 silly registry.get     'x-served-by': 'cache-iad2135-IAD',
22 silly registry.get     'x-cache': 'MISS',
22 silly registry.get     'x-cache-hits': '0',
22 silly registry.get     'x-timer': 'S1410974870.992189,VS0,VE87',
22 silly registry.get     'keep-alive': 'timeout=10, max=50',
22 silly registry.get     connection: 'Keep-Alive' } ]
23 silly lockFile 212d97d8-android-sdk android-sdk@
24 silly lockFile 212d97d8-android-sdk android-sdk@
25 error 404 'android-sdk' is not in the npm registry.
25 error 404 You should bug the author to publish it
25 error 404
25 error 404 Note that you can also install from a
25 error 404 tarball, folder, or http url, or git url.
26 error System Darwin 13.3.0
27 error command "node" "/usr/local/bin/npm" "install" "android-sdk"
28 error cwd /Users/markcreasy/Desktop/phonegap/hello
29 error node -v v0.10.25
30 error npm -v 1.3.24
31 error code E404
32 verbose exit [ 1, true ]
